<?xml version="1.0" encoding="UTF-8"?>
<!-- Generated by org.testng.reporters.JUnitReportReporter -->
<testsuite skipped="0" hostname="BVEN00677310A" name="sikuli_classfiles.Test1" tests="1" failures="0" timestamp="14 May 2020 19:17:27 GMT" time="43.479" errors="0">
  <testcase name="fileUpload" time="43.479" classname="sikuli_classfiles.Test1"/>
</testsuite> <!-- sikuli_classfiles.Test1 -->
